#
# There is insufficient memory for the Java Runtime Environment to continue.
# Native memory allocation (mmap) failed to map 264241152 bytes. Error detail: G1 virtual space
# Possible reasons:
#   The system is out of physical RAM or swap space
#   This process is running with CompressedOops enabled, and the Java Heap may be blocking the growth of the native heap
# Possible solutions:
#   Reduce memory load on the system
#   Increase physical memory or swap space
#   Check if swap backing store is full
#   Decrease Java heap size (-Xmx/-Xms)
#   Decrease number of Java threads
#   Decrease Java thread stack sizes (-Xss)
#   Set larger code cache with -XX:ReservedCodeCacheSize=
#   JVM is running with Zero Based Compressed Oops mode in which the Java heap is
#     placed in the first 32GB address space. The Java Heap base address is the
#     maximum limit for the native heap growth. Please use -XX:HeapBaseMinAddress
#     to set the Java Heap base and to place the Java Heap above 32GB virtual address.
# This output file may be truncated or incomplete.
#
#  Out of Memory Error (os_windows.cpp:3631), pid=21296, tid=7732
#
# JRE version:  (22.0.1+8) (build )
# Java VM: Java HotSpot(TM) 64-Bit Server VM (22.0.1+8-16, mixed mode, sharing, tiered, compressed oops, compressed class ptrs, g1 gc, windows-amd64)
# No core dump will be written. Minidumps are not enabled by default on client versions of Windows
#

---------------  S U M M A R Y ------------

Command Line: -Dfile.encoding=UTF-8 --module-path=C:\Users\rohit\OneDrive\Documents\NetBeansProjects\Bank Management System\build\classes bank.management.system.Transactions

Host: 12th Gen Intel(R) Core(TM) i5-12450H, 12 cores, 15G,  Windows 11 , 64 bit Build 22621 (10.0.22621.3958)
Time: Sun Nov  3 19:22:16 2024 India Standard Time elapsed time: 0.029323 seconds (0d 0h 0m 0s)

---------------  T H R E A D  ---------------

Current thread (0x000001cd17649530):  JavaThread "Unknown thread" [_thread_in_vm, id=7732, stack(0x0000000544700000,0x0000000544800000) (1024K)]

Stack: [0x0000000544700000,0x0000000544800000]
Native frames: (J=compiled Java code, j=interpreted, Vv=VM code, C=native code)
V  [jvm.dll+0x6e2279]  (no source info available)
V  [jvm.dll+0x874e33]  (no source info available)
V  [jvm.dll+0x87725e]  (no source info available)
V  [jvm.dll+0x877933]  (no source info available)
V  [jvm.dll+0x27fd76]  (no source info available)
V  [jvm.dll+0x6de915]  (no source info available)
V  [jvm.dll+0x6d341a]  (no source info available)
V  [jvm.dll+0x3589da]  (no source info available)
V  [jvm.dll+0x360f06]  (no source info available)
V  [jvm.dll+0x3b3e2e]  (no source info available)
V  [jvm.dll+0x3b40d8]  (no source info available)
V  [jvm.dll+0x32c59c]  (no source info available)
V  [jvm.dll+0x32d158]  (no source info available)
V  [jvm.dll+0x83ccdc]  (no source info available)
V  [jvm.dll+0x3c0d71]  (no source info available)
V  [jvm.dll+0x825ccc]  (no source info available)
V  [jvm.dll+0x45b8fe]  (no source info available)
V  [jvm.dll+0x45d781]  (no source info available)
C  [jli.dll+0x52a3]  (no source info available)
C  [ucrtbase.dll+0x29333]  (no source info available)
C  [KERNEL32.DLL+0x1257d]  (no source info available)
C  [ntdll.dll+0x5af08]  (no source info available)


---------------  P R O C E S S  ---------------

Threads class SMR info:
_java_thread_list=0x00007ffe1b5bb1c8, length=0, elements={
}

Java Threads: ( => current thread )
Total: 0

Other Threads:
  0x000001cd198bfc90 WorkerThread "GC Thread#0"                     [id=21036, stack(0x0000000544800000,0x0000000544900000) (1024K)]
  0x000001cd198d2420 ConcurrentGCThread "G1 Main Marker"            [id=23348, stack(0x0000000544900000,0x0000000544a00000) (1024K)]
  0x000001cd198d2f30 WorkerThread "G1 Conc#0"                       [id=16628, stack(0x0000000544a00000,0x0000000544b00000) (1024K)]

[error occurred during error reporting (printing all threads), id 0xc0000005, EXCEPTION_ACCESS_VIOLATION (0xc0000005) at pc=0x00007ffe1ad0f367]
VM state: not at safepoint (not fully initialized)

VM Mutex/Monitor currently owned by a thread:  ([mutex/lock_event])
[0x00007ffe1b63bcb8] Heap_lock - owner thread: 0x000001cd17649530

Heap address: 0x0000000704800000, size: 4024 MB, Compressed Oops mode: Zero based, Oop shift amount: 3

CDS archive(s) mapped at: [0x0000000000000000-0x0000000000000000-0x0000000000000000), size 0, SharedBaseAddress: 0x0000000800000000, ArchiveRelocationMode: 1.
Narrow klass base: 0x0000000000000000, Narrow klass shift: 0, Narrow klass range: 0x0

GC Precious Log:
 CardTable entry size: 512
 Card Set container configuration: InlinePtr #cards 4 size 8 Array Of Cards #cards 16 size 48 Howl #buckets 8 coarsen threshold 3686 Howl Bitmap #cards 512 size 80 coarsen threshold 460 Card regions per heap region 1 cards per card region 4096

Heap:
 garbage-first heap   total reserved 4120576K, committed 0K, used 0K [0x0000000704800000, 0x0000000800000000)
  region size 2048K, 0 young (0K), 0 survivors (0K)

[error occurred during error reporting (printing heap information), id 0xc0000005, EXCEPTION_ACCESS_VIOLATION (0xc0000005) at pc=0x00007ffe1b10e429]
GC Heap History (0 events):
No events

Dll operation events (1 events):
Event: 0.005 Loaded shared library C:\Program Files\Java\jdk-22\bin\java.dll

Deoptimization events (0 events):
No events

Classes loaded (0 events):
No events

Classes unloaded (0 events):
No events

Classes redefined (0 events):
No events

Internal exceptions (0 events):
No events

ZGC Phase Switch (0 events):
No events

VM Operations (0 events):
No events

Events (0 events):
No events


Dynamic libraries:
0x00007ff699510000 - 0x00007ff699520000 	C:\Program Files\Java\jdk-22\bin\java.exe
0x00007ffe663d0000 - 0x00007ffe665e7000 	C:\WINDOWS\SYSTEM32\ntdll.dll
0x00007ffe65170000 - 0x00007ffe65234000 	C:\WINDOWS\System32\KERNEL32.DLL
0x00007ffe63850000 - 0x00007ffe63c07000 	C:\WINDOWS\System32\KERNELBASE.dll
0x00007ffe63f20000 - 0x00007ffe64031000 	C:\WINDOWS\System32\ucrtbase.dll
0x00007ffe5ca90000 - 0x00007ffe5caa7000 	C:\Program Files\Java\jdk-22\bin\jli.dll
0x00007ffe65c80000 - 0x00007ffe65d32000 	C:\WINDOWS\System32\ADVAPI32.dll
0x00007ffe65360000 - 0x00007ffe65407000 	C:\WINDOWS\System32\msvcrt.dll
0x00007ffe64f50000 - 0x00007ffe64ff8000 	C:\WINDOWS\System32\sechost.dll
0x00007ffe63e80000 - 0x00007ffe63ea8000 	C:\WINDOWS\System32\bcrypt.dll
0x00007ffe65240000 - 0x00007ffe65354000 	C:\WINDOWS\System32\RPCRT4.dll
0x00007ffe65f80000 - 0x00007ffe6612f000 	C:\WINDOWS\System32\USER32.dll
0x00007ffe63d30000 - 0x00007ffe63d56000 	C:\WINDOWS\System32\win32u.dll
0x00007ffe59a90000 - 0x00007ffe59aab000 	C:\Program Files\Java\jdk-22\bin\VCRUNTIME140.dll
0x00007ffe661b0000 - 0x00007ffe661d9000 	C:\WINDOWS\System32\GDI32.dll
0x00007ffe63d60000 - 0x00007ffe63e78000 	C:\WINDOWS\System32\gdi32full.dll
0x00007ffe63c90000 - 0x00007ffe63d2a000 	C:\WINDOWS\System32\msvcp_win.dll
0x00007ffe3b630000 - 0x00007ffe3b8c3000 	C:\WINDOWS\WinSxS\amd64_microsoft.windows.common-controls_6595b64144ccf1df_6.0.22621.3672_none_2713b9d173822955\COMCTL32.dll
0x00007ffe4d3c0000 - 0x00007ffe4d3ca000 	C:\WINDOWS\SYSTEM32\VERSION.dll
0x00007ffe644b0000 - 0x00007ffe644e1000 	C:\WINDOWS\System32\IMM32.DLL
0x00007ffe58920000 - 0x00007ffe5892c000 	C:\Program Files\Java\jdk-22\bin\vcruntime140_1.dll
0x00007ffe315e0000 - 0x00007ffe3166e000 	C:\Program Files\Java\jdk-22\bin\msvcp140.dll
0x00007ffe1a9d0000 - 0x00007ffe1b717000 	C:\Program Files\Java\jdk-22\bin\server\jvm.dll
0x00007ffe66130000 - 0x00007ffe661a1000 	C:\WINDOWS\System32\WS2_32.dll
0x00007ffe62570000 - 0x00007ffe625bd000 	C:\WINDOWS\SYSTEM32\POWRPROF.dll
0x00007ffe5dc90000 - 0x00007ffe5dcc4000 	C:\WINDOWS\SYSTEM32\WINMM.dll
0x00007ffe62550000 - 0x00007ffe62563000 	C:\WINDOWS\SYSTEM32\UMPDC.dll
0x00007ffe62820000 - 0x00007ffe62838000 	C:\WINDOWS\SYSTEM32\kernel.appcore.dll
0x00007ffe58910000 - 0x00007ffe5891a000 	C:\Program Files\Java\jdk-22\bin\jimage.dll
0x00007ffe60b20000 - 0x00007ffe60d52000 	C:\WINDOWS\SYSTEM32\DBGHELP.DLL
0x00007ffe64510000 - 0x00007ffe6489e000 	C:\WINDOWS\System32\combase.dll
0x00007ffe65d40000 - 0x00007ffe65e17000 	C:\WINDOWS\System32\OLEAUT32.dll
0x00007ffe47d40000 - 0x00007ffe47d72000 	C:\WINDOWS\SYSTEM32\dbgcore.DLL
0x00007ffe63c10000 - 0x00007ffe63c8b000 	C:\WINDOWS\System32\bcryptPrimitives.dll
0x00007ffe583f0000 - 0x00007ffe5840e000 	C:\Program Files\Java\jdk-22\bin\java.dll
0x00007ffe65410000 - 0x00007ffe65c79000 	C:\WINDOWS\System32\SHELL32.dll
0x00007ffe661e0000 - 0x00007ffe66385000 	C:\WINDOWS\System32\ole32.dll

dbghelp: loaded successfully - version: 4.0.5 - missing functions: none
symbol engine: initialized successfully - sym options: 0x614 - pdb path: .;C:\Program Files\Java\jdk-22\bin;C:\WINDOWS\SYSTEM32;C:\WINDOWS\WinSxS\amd64_microsoft.windows.common-controls_6595b64144ccf1df_6.0.22621.3672_none_2713b9d173822955;C:\Program Files\Java\jdk-22\bin\server

VM Arguments:
jvm_args: -Dfile.encoding=UTF-8 --module-path=C:\Users\rohit\OneDrive\Documents\NetBeansProjects\Bank Management System\build\classes 
java_command: bank.management.system.Transactions
java_class_path (initial): C:\Users\rohit\Downloads\jcalendar-tz-1.3.3-4.jar;C:\Users\rohit\Downloads\mysql-connector-java-8.0.28.jar;C:\Users\rohit\OneDrive\Documents\NetBeansProjects\Bank Management System\build\classes
Launcher Type: SUN_STANDARD

[Global flags]
     intx CICompilerCount                          = 4                                         {product} {ergonomic}
     uint ConcGCThreads                            = 3                                         {product} {ergonomic}
     uint G1ConcRefinementThreads                  = 10                                        {product} {ergonomic}
   size_t G1HeapRegionSize                         = 2097152                                   {product} {ergonomic}
   size_t InitialHeapSize                          = 264241152                                 {product} {ergonomic}
   size_t MarkStackSize                            = 4194304                                   {product} {ergonomic}
   size_t MaxHeapSize                              = 4219469824                                {product} {ergonomic}
   size_t MinHeapDeltaBytes                        = 2097152                                   {product} {ergonomic}
   size_t MinHeapSize                              = 8388608                                   {product} {ergonomic}
    uintx NonNMethodCodeHeapSize                   = 5839372                                {pd product} {ergonomic}
    uintx NonProfiledCodeHeapSize                  = 122909434                              {pd product} {ergonomic}
    uintx ProfiledCodeHeapSize                     = 122909434                              {pd product} {ergonomic}
    uintx ReservedCodeCacheSize                    = 251658240                              {pd product} {ergonomic}
     bool SegmentedCodeCache                       = true                                      {product} {ergonomic}
   size_t SoftMaxHeapSize                          = 4219469824                             {manageable} {ergonomic}
     bool UseCompressedOops                        = true                           {product lp64_product} {ergonomic}
     bool UseG1GC                                  = true                                      {product} {ergonomic}
     bool UseLargePagesIndividualAllocation        = false                                  {pd product} {ergonomic}

Logging:
Log output configuration:
 #0: stdout all=warning uptime,level,tags foldmultilines=false
 #1: stderr all=off uptime,level,tags foldmultilines=false

Environment Variables:
PATH=C:\Program Files\Common Files\Oracle\Java\javapath;C:\WINDOWS\system32;C:\WINDOWS;C:\WINDOWS\System32\Wbem;C:\WINDOWS\System32\WindowsPowerShell\v1.0\;C:\WINDOWS\System32\OpenSSH\;C:\Program Files\nodejs\;C:\Program Files\Java\jdk-22\bin;C:\MinGW\bin;C:\Program Files\Git\cmd;C:\Program Files\MySQL\MySQL Server 8.0\bin;C:\Program Files\MongoDB\Server\7.0\bin;C:\Program Files\MongoDB\Server\7.0\data;C:\Program Files\mongosh-2.2.10-win32-x64\bin;C:\Program Files\Go\bin;C:\Users\rohit\AppData\Local\Programs\Python\Python312\Scripts\;C:\Users\rohit\AppData\Local\Programs\Python\Python312\;C:\Users\rohit\AppData\Local\Programs\Python\Launcher\;C:\Program Files\MySQL\MySQL Shell 8.0\bin\;C:\Users\rohit\AppData\Local\Microsoft\WindowsApps;C:\Users\rohit\AppData\Local\Programs\Microsoft VS Code\bin;C:\Users\rohit\AppData\Roaming\npm;C:\Users\rohit\go\bin
USERNAME=rohit
OS=Windows_NT
PROCESSOR_IDENTIFIER=Intel64 Family 6 Model 154 Stepping 3, GenuineIntel
TMP=C:\Users\rohit\AppData\Local\Temp
TEMP=C:\Users\rohit\AppData\Local\Temp




Periodic native trim disabled

---------------  S Y S T E M  ---------------

OS:
 Windows 11 , 64 bit Build 22621 (10.0.22621.3958)
OS uptime: 0 days 23:09 hours
Hyper-V role detected

CPU: total 12 (initial active 12) (6 cores per cpu, 2 threads per core) family 6 model 154 stepping 3 microcode 0x423, cx8, cmov, fxsr, ht, mmx, 3dnowpref, sse, sse2, sse3, ssse3, sse4.1, sse4.2, popcnt, lzcnt, tsc, tscinvbit, avx, avx2, aes, erms, clmul, bmi1, bmi2, adx, sha, fma, vzeroupper, clflush, clflushopt, clwb, hv, serialize, rdtscp, rdpid, fsrm, f16c, cet_ibt, cet_ss
Processor Information for processor 0
  Max Mhz: 2000, Current Mhz: 2000, Mhz Limit: 2000
Processor Information for processor 1
  Max Mhz: 2000, Current Mhz: 2000, Mhz Limit: 2000
Processor Information for processor 2
  Max Mhz: 2000, Current Mhz: 2000, Mhz Limit: 2000
Processor Information for processor 3
  Max Mhz: 2000, Current Mhz: 2000, Mhz Limit: 2000
Processor Information for processor 4
  Max Mhz: 2000, Current Mhz: 1520, Mhz Limit: 2000
Processor Information for processor 5
  Max Mhz: 2000, Current Mhz: 2000, Mhz Limit: 2000
Processor Information for processor 6
  Max Mhz: 2000, Current Mhz: 2000, Mhz Limit: 2000
Processor Information for processor 7
  Max Mhz: 2000, Current Mhz: 1520, Mhz Limit: 2000
Processor Information for processor 8
  Max Mhz: 2000, Current Mhz: 1466, Mhz Limit: 2000
Processor Information for processor 9
  Max Mhz: 2000, Current Mhz: 1466, Mhz Limit: 2000
Processor Information for processor 10
  Max Mhz: 2000, Current Mhz: 1466, Mhz Limit: 2000
Processor Information for processor 11
  Max Mhz: 2000, Current Mhz: 2000, Mhz Limit: 2000

Memory: 4k page, system-wide physical 16092M (5025M free)
TotalPageFile size 27835M (AvailPageFile size 253M)
current process WorkingSet (physical memory assigned to process): 12M, peak: 12M
current process commit charge ("private bytes"): 65M, peak: 316M

vm_info: Java HotSpot(TM) 64-Bit Server VM (22.0.1+8-16) for windows-amd64 JRE (22.0.1+8-16), built on 2024-03-12T10:33:16Z by "mach5one" with MS VC++ 17.6 (VS2022)

END.
